<?xml version="1.0" encoding="UTF-8"?>
<testsuite xmlns:xsi="http://www.w3.org/2001/XMLSchema-instance" xsi:noNamespaceSchemaLocation="https://maven.apache.org/surefire/maven-surefire-plugin/xsd/surefire-test-report.xsd" name="hello.ApplicationTest" time="0.217" tests="1" errors="1" skipped="0" failures="0">
  <properties>
[...]
</properties>
  <testcase name="initializationError" classname="hello.ApplicationTest" time="0.003">
    <error message="Unable to find a @SpringBootConfiguration, you need to use @ContextConfiguration or @SpringBootTest(classes=...) with your test" type="java.lang.IllegalStateException">java.lang.IllegalStateException: Unable to find a @SpringBootConfiguration, you need to use @ContextConfiguration or @SpringBootTest(classes=...) with your test
</error>
    <system-out><![CDATA[17:05:09.710 [main] DEBUG org.springframework.test.context.junit4.SpringJUnit4ClassRunner - SpringJUnit4ClassRunner constructor called with [class hello.ApplicationTest]
17:05:09.717 [main] DEBUG org.springframework.test.context.BootstrapUtils - Instantiating CacheAwareContextLoaderDelegate from class [org.springframework.test.context.cache.DefaultCacheAwareContextLoaderDelegate]
17:05:09.724 [main] DEBUG org.springframework.test.context.BootstrapUtils - Instantiating BootstrapContext using constructor [public org.springframework.test.context.support.DefaultBootstrapContext(java.lang.Class,org.springframework.test.context.CacheAwareContextLoaderDelegate)]
17:05:09.740 [main] DEBUG org.springframework.test.context.BootstrapUtils - Instantiating TestContextBootstrapper for test class [hello.ApplicationTest] from class [org.springframework.boot.test.autoconfigure.web.servlet.WebMvcTestContextBootstrapper]
17:05:09.760 [main] INFO org.springframework.boot.test.autoconfigure.web.servlet.WebMvcTestContextBootstrapper - Neither @ContextConfiguration nor @ContextHierarchy found for test class [hello.ApplicationTest], using SpringBootContextLoader
17:05:09.763 [main] DEBUG org.springframework.test.context.support.AbstractContextLoader - Did not detect default resource location for test class [hello.ApplicationTest]: class path resource [hello/ApplicationTest-context.xml] does not exist
17:05:09.763 [main] DEBUG org.springframework.test.context.support.AbstractContextLoader - Did not detect default resource location for test class [hello.ApplicationTest]: class path resource [hello/ApplicationTestContext.groovy] does not exist
17:05:09.764 [main] INFO org.springframework.test.context.support.AbstractContextLoader - Could not detect default resource locations for test class [hello.ApplicationTest]: no resource found for suffixes {-context.xml, Context.groovy}.
17:05:09.765 [main] INFO org.springframework.test.context.support.AnnotationConfigContextLoaderUtils - Could not detect default configuration classes for test class [hello.ApplicationTest]: ApplicationTest does not declare any static, non-private, non-final, nested classes annotated with @Configuration.
17:05:09.819 [main] DEBUG org.springframework.test.context.support.ActiveProfilesUtils - Could not find an 'annotation declaring class' for annotation type [org.springframework.test.context.ActiveProfiles] and class [hello.ApplicationTest]
17:05:09.825 [main] DEBUG org.springframework.core.env.StandardEnvironment - Adding PropertySource 'systemProperties' with lowest search precedence
17:05:09.825 [main] DEBUG org.springframework.core.env.StandardEnvironment - Adding PropertySource 'systemEnvironment' with lowest search precedence
17:05:09.826 [main] DEBUG org.springframework.core.env.StandardEnvironment - Initialized StandardEnvironment with PropertySources [MapPropertySource@604125138 {name='systemProperties', properties={java.runtime.name=Java(TM) SE Runtime Environment, sun.boot.library.path=C:\Program Files\Java\jdk1.8.0_77\jre\bin, java.vm.version=25.77-b03, java.vm.vendor=Oracle Corporation, java.vendor.url=http://java.oracle.com/, path.separator=;, java.vm.name=Java HotSpot(TM) 64-Bit Server VM, file.encoding.pkg=sun.io, user.country=MX, user.script=, sun.java.launcher=SUN_STANDARD, sun.os.patch.level=Service Pack 1, java.vm.specification.name=Java Virtual Machine Specification, user.dir=C:\Users\TIJUANA\Documents\workspace-sts-3.9.2.RELEASE\WCAdapter, java.runtime.version=1.8.0_77-b03, basedir=C:\Users\TIJUANA\Documents\workspace-sts-3.9.2.RELEASE\WCAdapter, java.awt.graphicsenv=sun.awt.Win32GraphicsEnvironment, java.endorsed.dirs=C:\Program Files\Java\jdk1.8.0_77\jre\lib\endorsed, os.arch=amd64, surefire.real.class.path=C:\Users\TIJUANA\AppData\Local\Temp\surefire2653075049289859472\surefirebooter2546155911339167745.jar, java.io.tmpdir=C:\Users\TIJUANA\AppData\Local\Temp\, line.separator=
, java.vm.specification.vendor=Oracle Corporation, user.variant=, os.name=Windows 7, sun.jnu.encoding=Cp1252, java.library.path=C:\Program Files\Java\jdk1.8.0_77\jre\bin;C:\Windows\Sun\Java\bin;C:\Windows\system32;C:\Windows;C:\Users\TIJUANA\AppData\Local\Programs\Python\Python36\Scripts\;C:\Program Files (x86)\Common Files\Oracle\Java\javapath;C:\Program Files\OpenVPN\bin;C:\Program Files (x86)\PuTTY\;C:\Program Files (x86)\Yarn\bin\;C:\Program Files\nodejs\;C:\ProgramData\chocolatey\bin;C:\Users\TIJUANA\AppData\Local\Programs\Python\Python36\Scripts\;C:\Users\TIJUANA\AppData\Local\Programs\Python\Python36\;C:\Program Files\nodejs;C:\Users\TIJUANA\AppData\Roaming\npm\node_modules\@angular\cli\bin; C:\Users\TIJUANA\Documents\2018\spring\spring-2.0.0.RELEASE\bin;C:\Users\TIJUANA\Documents\2018\spring\spring-2.0.0.RELEASE\shell-completion\bash;C:\Users\TIJUANA\Documents\2018\spring\spring-2.0.0.RELEASE\shell-completion\zsh;C:\CURL;C:\MinGW\bin;C:\Users\TIJUANA\AppData\Local\Yarn\bin;C:\Users\TIJUANA\AppData\Roaming\npm;., surefire.test.class.path=C:\Users\TIJUANA\Documents\workspace-sts-3.9.2.RELEASE\WCAdapter\target\test-classes;C:\Users\TIJUANA\Documents\workspace-sts-3.9.2.RELEASE\WCAdapter\target\classes;C:\Users\TIJUANA\.m2\repository\org\springframework\boot\spring-boot-configuration-processor\2.0.5.RELEASE\spring-boot-configuration-processor-2.0.5.RELEASE.jar;C:\Users\TIJUANA\.m2\repository\com\fasterxml\jackson\core\jackson-core\2.9.6\jackson-core-2.9.6.jar;C:\Users\TIJUANA\.m2\repository\com\fasterxml\jackson\core\jackson-databind\2.9.6\jackson-databind-2.9.6.jar;C:\Users\TIJUANA\.m2\repository\com\fasterxml\jackson\core\jackson-annotations\2.9.0\jackson-annotations-2.9.0.jar;C:\Users\TIJUANA\.m2\repository\org\apache\httpcomponents\httpclient\4.5.7\httpclient-4.5.7.jar;C:\Users\TIJUANA\.m2\repository\org\apache\httpcomponents\httpcore\4.4.10\httpcore-4.4.10.jar;C:\Users\TIJUANA\.m2\repository\junit\junit\4.12\junit-4.12.jar;C:\Users\TIJUANA\.m2\repository\org\hamcrest\hamcrest-core\1.3\hamcrest-core-1.3.jar;C:\Users\TIJUANA\.m2\repository\commons-codec\commons-codec\1.9\commons-codec-1.9.jar;C:\Users\TIJUANA\.m2\repository\com\icoderman\wc-api-java\1.3\wc-api-java-1.3.jar;C:\Users\TIJUANA\.m2\repository\com\squareup\okhttp\okhttp\2.7.5\okhttp-2.7.5.jar;C:\Users\TIJUANA\.m2\repository\com\squareup\okio\okio\1.6.0\okio-1.6.0.jar;C:\Users\TIJUANA\.m2\repository\org\springframework\boot\spring-boot-starter-jdbc\2.0.5.RELEASE\spring-boot-starter-jdbc-2.0.5.RELEASE.jar;C:\Users\TIJUANA\.m2\repository\org\springframework\boot\spring-boot-starter\2.0.5.RELEASE\spring-boot-starter-2.0.5.RELEASE.jar;C:\Users\TIJUANA\.m2\repository\org\springframework\boot\spring-boot-starter-logging\2.0.5.RELEASE\spring-boot-starter-logging-2.0.5.RELEASE.jar;C:\Users\TIJUANA\.m2\repository\ch\qos\logback\logback-classic\1.2.3\logback-classic-1.2.3.jar;C:\Users\TIJUANA\.m2\repository\ch\qos\logback\logback-core\1.2.3\logback-core-1.2.3.jar;C:\Users\TIJUANA\.m2\repository\org\apache\logging\log4j\log4j-to-slf4j\2.10.0\log4j-to-slf4j-2.10.0.jar;C:\Users\TIJUANA\.m2\repository\org\apache\logging\log4j\log4j-api\2.10.0\log4j-api-2.10.0.jar;C:\Users\TIJUANA\.m2\repository\org\slf4j\jul-to-slf4j\1.7.25\jul-to-slf4j-1.7.25.jar;C:\Users\TIJUANA\.m2\repository\javax\annotation\javax.annotation-api\1.3.2\javax.annotation-api-1.3.2.jar;C:\Users\TIJUANA\.m2\repository\org\yaml\snakeyaml\1.19\snakeyaml-1.19.jar;C:\Users\TIJUANA\.m2\repository\com\zaxxer\HikariCP\2.7.9\HikariCP-2.7.9.jar;C:\Users\TIJUANA\.m2\repository\org\slf4j\slf4j-api\1.7.25\slf4j-api-1.7.25.jar;C:\Users\TIJUANA\.m2\repository\org\springframework\spring-jdbc\5.0.9.RELEASE\spring-jdbc-5.0.9.RELEASE.jar;C:\Users\TIJUANA\.m2\repository\org\springframework\spring-beans\5.0.9.RELEASE\spring-beans-5.0.9.RELEASE.jar;C:\Users\TIJUANA\.m2\repository\org\springframework\spring-tx\5.0.9.RELEASE\spring-tx-5.0.9.RELEASE.jar;C:\Users\TIJUANA\.m2\repository\com\google\code\gson\gson\2.8.5\gson-2.8.5.jar;C:\Users\TIJUANA\.m2\repository\com\googlecode\json-simple\json-simple\1.1\json-simple-1.1.jar;C:\Users\TIJUANA\.m2\repository\org\mariadb\jdbc\mariadb-java-client\2.2.6\mariadb-java-client-2.2.6.jar;C:\Users\TIJUANA\.m2\repository\org\springframework\boot\spring-boot-starter-web\2.0.5.RELEASE\spring-boot-starter-web-2.0.5.RELEASE.jar;C:\Users\TIJUANA\.m2\repository\org\springframework\boot\spring-boot-starter-json\2.0.5.RELEASE\spring-boot-starter-json-2.0.5.RELEASE.jar;C:\Users\TIJUANA\.m2\repository\com\fasterxml\jackson\datatype\jackson-datatype-jdk8\2.9.6\jackson-datatype-jdk8-2.9.6.jar;C:\Users\TIJUANA\.m2\repository\com\fasterxml\jackson\datatype\jackson-datatype-jsr310\2.9.6\jackson-datatype-jsr310-2.9.6.jar;C:\Users\TIJUANA\.m2\repository\com\fasterxml\jackson\module\jackson-module-parameter-names\2.9.6\jackson-module-parameter-names-2.9.6.jar;C:\Users\TIJUANA\.m2\repository\org\springframework\boot\spring-boot-starter-tomcat\2.0.5.RELEASE\spring-boot-starter-tomcat-2.0.5.RELEASE.jar;C:\Users\TIJUANA\.m2\repository\org\apache\tomcat\embed\tomcat-embed-core\8.5.34\tomcat-embed-core-8.5.34.jar;C:\Users\TIJUANA\.m2\repository\org\apache\tomcat\embed\tomcat-embed-el\8.5.34\tomcat-embed-el-8.5.34.jar;C:\Users\TIJUANA\.m2\repository\org\apache\tomcat\embed\tomcat-embed-websocket\8.5.34\tomcat-embed-websocket-8.5.34.jar;C:\Users\TIJUANA\.m2\repository\org\hibernate\validator\hibernate-validator\6.0.12.Final\hibernate-validator-6.0.12.Final.jar;C:\Users\TIJUANA\.m2\repository\javax\validation\validation-api\2.0.1.Final\validation-api-2.0.1.Final.jar;C:\Users\TIJUANA\.m2\repository\org\jboss\logging\jboss-logging\3.3.2.Final\jboss-logging-3.3.2.Final.jar;C:\Users\TIJUANA\.m2\repository\com\fasterxml\classmate\1.3.4\classmate-1.3.4.jar;C:\Users\TIJUANA\.m2\repository\org\springframework\spring-web\5.0.9.RELEASE\spring-web-5.0.9.RELEASE.jar;C:\Users\TIJUANA\.m2\repository\org\springframework\spring-webmvc\5.0.9.RELEASE\spring-webmvc-5.0.9.RELEASE.jar;C:\Users\TIJUANA\.m2\repository\org\springframework\spring-aop\5.0.9.RELEASE\spring-aop-5.0.9.RELEASE.jar;C:\Users\TIJUANA\.m2\repository\org\springframework\spring-context\5.0.9.RELEASE\spring-context-5.0.9.RELEASE.jar;C:\Users\TIJUANA\.m2\repository\org\springframework\spring-expression\5.0.9.RELEASE\spring-expression-5.0.9.RELEASE.jar;C:\Users\TIJUANA\.m2\repository\org\springframework\boot\spring-boot-starter-thymeleaf\2.0.5.RELEASE\spring-boot-starter-thymeleaf-2.0.5.RELEASE.jar;C:\Users\TIJUANA\.m2\repository\org\thymeleaf\thymeleaf-spring5\3.0.9.RELEASE\thymeleaf-spring5-3.0.9.RELEASE.jar;C:\Users\TIJUANA\.m2\repository\org\thymeleaf\thymeleaf\3.0.9.RELEASE\thymeleaf-3.0.9.RELEASE.jar;C:\Users\TIJUANA\.m2\repository\org\attoparser\attoparser\2.0.4.RELEASE\attoparser-2.0.4.RELEASE.jar;C:\Users\TIJUANA\.m2\repository\org\unbescape\unbescape\1.1.5.RELEASE\unbescape-1.1.5.RELEASE.jar;C:\Users\TIJUANA\.m2\repository\org\thymeleaf\extras\thymeleaf-extras-java8time\3.0.1.RELEASE\thymeleaf-extras-java8time-3.0.1.RELEASE.jar;C:\Users\TIJUANA\.m2\repository\org\springframework\boot\spring-boot-devtools\2.0.5.RELEASE\spring-boot-devtools-2.0.5.RELEASE.jar;C:\Users\TIJUANA\.m2\repository\org\springframework\boot\spring-boot\2.0.5.RELEASE\spring-boot-2.0.5.RELEASE.jar;C:\Users\TIJUANA\.m2\repository\org\springframework\boot\spring-boot-autoconfigure\2.0.5.RELEASE\spring-boot-autoconfigure-2.0.5.RELEASE.jar;C:\Users\TIJUANA\.m2\repository\org\springframework\boot\spring-boot-starter-test\2.0.5.RELEASE\spring-boot-starter-test-2.0.5.RELEASE.jar;C:\Users\TIJUANA\.m2\repository\org\springframework\boot\spring-boot-test\2.0.5.RELEASE\spring-boot-test-2.0.5.RELEASE.jar;C:\Users\TIJUANA\.m2\repository\org\springframework\boot\spring-boot-test-autoconfigure\2.0.5.RELEASE\spring-boot-test-autoconfigure-2.0.5.RELEASE.jar;C:\Users\TIJUANA\.m2\repository\com\jayway\jsonpath\json-path\2.4.0\json-path-2.4.0.jar;C:\Users\TIJUANA\.m2\repository\net\minidev\json-smart\2.3\json-smart-2.3.jar;C:\Users\TIJUANA\.m2\repository\net\minidev\accessors-smart\1.2\accessors-smart-1.2.jar;C:\Users\TIJUANA\.m2\repository\org\ow2\asm\asm\5.0.4\asm-5.0.4.jar;C:\Users\TIJUANA\.m2\repository\org\assertj\assertj-core\3.9.1\assertj-core-3.9.1.jar;C:\Users\TIJUANA\.m2\repository\org\mockito\mockito-core\2.15.0\mockito-core-2.15.0.jar;C:\Users\TIJUANA\.m2\repository\net\bytebuddy\byte-buddy\1.7.11\byte-buddy-1.7.11.jar;C:\Users\TIJUANA\.m2\repository\net\bytebuddy\byte-buddy-agent\1.7.11\byte-buddy-agent-1.7.11.jar;C:\Users\TIJUANA\.m2\repository\org\objenesis\objenesis\2.6\objenesis-2.6.jar;C:\Users\TIJUANA\.m2\repository\org\hamcrest\hamcrest-library\1.3\hamcrest-library-1.3.jar;C:\Users\TIJUANA\.m2\repository\org\skyscreamer\jsonassert\1.5.0\jsonassert-1.5.0.jar;C:\Users\TIJUANA\.m2\repository\com\vaadin\external\google\android-json\0.0.20131108.vaadin1\android-json-0.0.20131108.vaadin1.jar;C:\Users\TIJUANA\.m2\repository\org\springframework\spring-core\5.0.9.RELEASE\spring-core-5.0.9.RELEASE.jar;C:\Users\TIJUANA\.m2\repository\org\springframework\spring-jcl\5.0.9.RELEASE\spring-jcl-5.0.9.RELEASE.jar;C:\Users\TIJUANA\.m2\repository\org\springframework\spring-test\5.0.9.RELEASE\spring-test-5.0.9.RELEASE.jar;C:\Users\TIJUANA\.m2\repository\org\xmlunit\xmlunit-core\2.5.1\xmlunit-core-2.5.1.jar;, java.specification.name=Java Platform API Specification, java.class.version=52.0, sun.management.compiler=HotSpot 64-Bit Tiered Compilers, os.version=6.1, user.home=C:\Users\TIJUANA, user.timezone=America/Los_Angeles, java.awt.printerjob=sun.awt.windows.WPrinterJob, file.encoding=Cp1252, java.specification.version=1.8, java.class.path=C:\Users\TIJUANA\Documents\workspace-sts-3.9.2.RELEASE\WCAdapter\target\test-classes;C:\Users\TIJUANA\Documents\workspace-sts-3.9.2.RELEASE\WCAdapter\target\classes;C:\Users\TIJUANA\.m2\repository\org\springframework\boot\spring-boot-configuration-processor\2.0.5.RELEASE\spring-boot-configuration-processor-2.0.5.RELEASE.jar;C:\Users\TIJUANA\.m2\repository\com\fasterxml\jackson\core\jackson-core\2.9.6\jackson-core-2.9.6.jar;C:\Users\TIJUANA\.m2\repository\com\fasterxml\jackson\core\jackson-databind\2.9.6\jackson-databind-2.9.6.jar;C:\Users\TIJUANA\.m2\repository\com\fasterxml\jackson\core\jackson-annotations\2.9.0\jackson-annotations-2.9.0.jar;C:\Users\TIJUANA\.m2\repository\org\apache\httpcomponents\httpclient\4.5.7\httpclient-4.5.7.jar;C:\Users\TIJUANA\.m2\repository\org\apache\httpcomponents\httpcore\4.4.10\httpcore-4.4.10.jar;C:\Users\TIJUANA\.m2\repository\junit\junit\4.12\junit-4.12.jar;C:\Users\TIJUANA\.m2\repository\org\hamcrest\hamcrest-core\1.3\hamcrest-core-1.3.jar;C:\Users\TIJUANA\.m2\repository\commons-codec\commons-codec\1.9\commons-codec-1.9.jar;C:\Users\TIJUANA\.m2\repository\com\icoderman\wc-api-java\1.3\wc-api-java-1.3.jar;C:\Users\TIJUANA\.m2\repository\com\squareup\okhttp\okhttp\2.7.5\okhttp-2.7.5.jar;C:\Users\TIJUANA\.m2\repository\com\squareup\okio\okio\1.6.0\okio-1.6.0.jar;C:\Users\TIJUANA\.m2\repository\org\springframework\boot\spring-boot-starter-jdbc\2.0.5.RELEASE\spring-boot-starter-jdbc-2.0.5.RELEASE.jar;C:\Users\TIJUANA\.m2\repository\org\springframework\boot\spring-boot-starter\2.0.5.RELEASE\spring-boot-starter-2.0.5.RELEASE.jar;C:\Users\TIJUANA\.m2\repository\org\springframework\boot\spring-boot-starter-logging\2.0.5.RELEASE\spring-boot-starter-logging-2.0.5.RELEASE.jar;C:\Users\TIJUANA\.m2\repository\ch\qos\logback\logback-classic\1.2.3\logback-classic-1.2.3.jar;C:\Users\TIJUANA\.m2\repository\ch\qos\logback\logback-core\1.2.3\logback-core-1.2.3.jar;C:\Users\TIJUANA\.m2\repository\org\apache\logging\log4j\log4j-to-slf4j\2.10.0\log4j-to-slf4j-2.10.0.jar;C:\Users\TIJUANA\.m2\repository\org\apache\logging\log4j\log4j-api\2.10.0\log4j-api-2.10.0.jar;C:\Users\TIJUANA\.m2\repository\org\slf4j\jul-to-slf4j\1.7.25\jul-to-slf4j-1.7.25.jar;C:\Users\TIJUANA\.m2\repository\javax\annotation\javax.annotation-api\1.3.2\javax.annotation-api-1.3.2.jar;C:\Users\TIJUANA\.m2\repository\org\yaml\snakeyaml\1.19\snakeyaml-1.19.jar;C:\Users\TIJUANA\.m2\repository\com\zaxxer\HikariCP\2.7.9\HikariCP-2.7.9.jar;C:\Users\TIJUANA\.m2\repository\org\slf4j\slf4j-api\1.7.25\slf4j-api-1.7.25.jar;C:\Users\TIJUANA\.m2\repository\org\springframework\spring-jdbc\5.0.9.RELEASE\spring-jdbc-5.0.9.RELEASE.jar;C:\Users\TIJUANA\.m2\repository\org\springframework\spring-beans\5.0.9.RELEASE\spring-beans-5.0.9.RELEASE.jar;C:\Users\TIJUANA\.m2\repository\org\springframework\spring-tx\5.0.9.RELEASE\spring-tx-5.0.9.RELEASE.jar;C:\Users\TIJUANA\.m2\repository\com\google\code\gson\gson\2.8.5\gson-2.8.5.jar;C:\Users\TIJUANA\.m2\repository\com\googlecode\json-simple\json-simple\1.1\json-simple-1.1.jar;C:\Users\TIJUANA\.m2\repository\org\mariadb\jdbc\mariadb-java-client\2.2.6\mariadb-java-client-2.2.6.jar;C:\Users\TIJUANA\.m2\repository\org\springframework\boot\spring-boot-starter-web\2.0.5.RELEASE\spring-boot-starter-web-2.0.5.RELEASE.jar;C:\Users\TIJUANA\.m2\repository\org\springframework\boot\spring-boot-starter-json\2.0.5.RELEASE\spring-boot-starter-json-2.0.5.RELEASE.jar;C:\Users\TIJUANA\.m2\repository\com\fasterxml\jackson\datatype\jackson-datatype-jdk8\2.9.6\jackson-datatype-jdk8-2.9.6.jar;C:\Users\TIJUANA\.m2\repository\com\fasterxml\jackson\datatype\jackson-datatype-jsr310\2.9.6\jackson-datatype-jsr310-2.9.6.jar;C:\Users\TIJUANA\.m2\repository\com\fasterxml\jackson\module\jackson-module-parameter-names\2.9.6\jackson-module-parameter-names-2.9.6.jar;C:\Users\TIJUANA\.m2\repository\org\springframework\boot\spring-boot-starter-tomcat\2.0.5.RELEASE\spring-boot-starter-tomcat-2.0.5.RELEASE.jar;C:\Users\TIJUANA\.m2\repository\org\apache\tomcat\embed\tomcat-embed-core\8.5.34\tomcat-embed-core-8.5.34.jar;C:\Users\TIJUANA\.m2\repository\org\apache\tomcat\embed\tomcat-embed-el\8.5.34\tomcat-embed-el-8.5.34.jar;C:\Users\TIJUANA\.m2\repository\org\apache\tomcat\embed\tomcat-embed-websocket\8.5.34\tomcat-embed-websocket-8.5.34.jar;C:\Users\TIJUANA\.m2\repository\org\hibernate\validator\hibernate-validator\6.0.12.Final\hibernate-validator-6.0.12.Final.jar;C:\Users\TIJUANA\.m2\repository\javax\validation\validation-api\2.0.1.Final\validation-api-2.0.1.Final.jar;C:\Users\TIJUANA\.m2\repository\org\jboss\logging\jboss-logging\3.3.2.Final\jboss-logging-3.3.2.Final.jar;C:\Users\TIJUANA\.m2\repository\com\fasterxml\classmate\1.3.4\classmate-1.3.4.jar;C:\Users\TIJUANA\.m2\repository\org\springframework\spring-web\5.0.9.RELEASE\spring-web-5.0.9.RELEASE.jar;C:\Users\TIJUANA\.m2\repository\org\springframework\spring-webmvc\5.0.9.RELEASE\spring-webmvc-5.0.9.RELEASE.jar;C:\Users\TIJUANA\.m2\repository\org\springframework\spring-aop\5.0.9.RELEASE\spring-aop-5.0.9.RELEASE.jar;C:\Users\TIJUANA\.m2\repository\org\springframework\spring-context\5.0.9.RELEASE\spring-context-5.0.9.RELEASE.jar;C:\Users\TIJUANA\.m2\repository\org\springframework\spring-expression\5.0.9.RELEASE\spring-expression-5.0.9.RELEASE.jar;C:\Users\TIJUANA\.m2\repository\org\springframework\boot\spring-boot-starter-thymeleaf\2.0.5.RELEASE\spring-boot-starter-thymeleaf-2.0.5.RELEASE.jar;C:\Users\TIJUANA\.m2\repository\org\thymeleaf\thymeleaf-spring5\3.0.9.RELEASE\thymeleaf-spring5-3.0.9.RELEASE.jar;C:\Users\TIJUANA\.m2\repository\org\thymeleaf\thymeleaf\3.0.9.RELEASE\thymeleaf-3.0.9.RELEASE.jar;C:\Users\TIJUANA\.m2\repository\org\attoparser\attoparser\2.0.4.RELEASE\attoparser-2.0.4.RELEASE.jar;C:\Users\TIJUANA\.m2\repository\org\unbescape\unbescape\1.1.5.RELEASE\unbescape-1.1.5.RELEASE.jar;C:\Users\TIJUANA\.m2\repository\org\thymeleaf\extras\thymeleaf-extras-java8time\3.0.1.RELEASE\thymeleaf-extras-java8time-3.0.1.RELEASE.jar;C:\Users\TIJUANA\.m2\repository\org\springframework\boot\spring-boot-devtools\2.0.5.RELEASE\spring-boot-devtools-2.0.5.RELEASE.jar;C:\Users\TIJUANA\.m2\repository\org\springframework\boot\spring-boot\2.0.5.RELEASE\spring-boot-2.0.5.RELEASE.jar;C:\Users\TIJUANA\.m2\repository\org\springframework\boot\spring-boot-autoconfigure\2.0.5.RELEASE\spring-boot-autoconfigure-2.0.5.RELEASE.jar;C:\Users\TIJUANA\.m2\repository\org\springframework\boot\spring-boot-starter-test\2.0.5.RELEASE\spring-boot-starter-test-2.0.5.RELEASE.jar;C:\Users\TIJUANA\.m2\repository\org\springframework\boot\spring-boot-test\2.0.5.RELEASE\spring-boot-test-2.0.5.RELEASE.jar;C:\Users\TIJUANA\.m2\repository\org\springframework\boot\spring-boot-test-autoconfigure\2.0.5.RELEASE\spring-boot-test-autoconfigure-2.0.5.RELEASE.jar;C:\Users\TIJUANA\.m2\repository\com\jayway\jsonpath\json-path\2.4.0\json-path-2.4.0.jar;C:\Users\TIJUANA\.m2\repository\net\minidev\json-smart\2.3\json-smart-2.3.jar;C:\Users\TIJUANA\.m2\repository\net\minidev\accessors-smart\1.2\accessors-smart-1.2.jar;C:\Users\TIJUANA\.m2\repository\org\ow2\asm\asm\5.0.4\asm-5.0.4.jar;C:\Users\TIJUANA\.m2\repository\org\assertj\assertj-core\3.9.1\assertj-core-3.9.1.jar;C:\Users\TIJUANA\.m2\repository\org\mockito\mockito-core\2.15.0\mockito-core-2.15.0.jar;C:\Users\TIJUANA\.m2\repository\net\bytebuddy\byte-buddy\1.7.11\byte-buddy-1.7.11.jar;C:\Users\TIJUANA\.m2\repository\net\bytebuddy\byte-buddy-agent\1.7.11\byte-buddy-agent-1.7.11.jar;C:\Users\TIJUANA\.m2\repository\org\objenesis\objenesis\2.6\objenesis-2.6.jar;C:\Users\TIJUANA\.m2\repository\org\hamcrest\hamcrest-library\1.3\hamcrest-library-1.3.jar;C:\Users\TIJUANA\.m2\repository\org\skyscreamer\jsonassert\1.5.0\jsonassert-1.5.0.jar;C:\Users\TIJUANA\.m2\repository\com\vaadin\external\google\android-json\0.0.20131108.vaadin1\android-json-0.0.20131108.vaadin1.jar;C:\Users\TIJUANA\.m2\repository\org\springframework\spring-core\5.0.9.RELEASE\spring-core-5.0.9.RELEASE.jar;C:\Users\TIJUANA\.m2\repository\org\springframework\spring-jcl\5.0.9.RELEASE\spring-jcl-5.0.9.RELEASE.jar;C:\Users\TIJUANA\.m2\repository\org\springframework\spring-test\5.0.9.RELEASE\spring-test-5.0.9.RELEASE.jar;C:\Users\TIJUANA\.m2\repository\org\xmlunit\xmlunit-core\2.5.1\xmlunit-core-2.5.1.jar;, user.name=TIJUANA, java.vm.specification.version=1.8, sun.java.command=C:\Users\TIJUANA\AppData\Local\Temp\surefire2653075049289859472\surefirebooter2546155911339167745.jar C:\Users\TIJUANA\AppData\Local\Temp\surefire2653075049289859472 2019-02-20T17-05-08_144-jvmRun1 surefire2674372534099230858tmp surefire_07940860850816200566tmp, java.home=C:\Program Files\Java\jdk1.8.0_77\jre, sun.arch.data.model=64, user.language=es, java.specification.vendor=Oracle Corporation, awt.toolkit=sun.awt.windows.WToolkit, java.vm.info=mixed mode, java.version=1.8.0_77, java.ext.dirs=C:\Program Files\Java\jdk1.8.0_77\jre\lib\ext;C:\Windows\Sun\Java\lib\ext, sun.boot.class.path=C:\Program Files\Java\jdk1.8.0_77\jre\lib\resources.jar;C:\Program Files\Java\jdk1.8.0_77\jre\lib\rt.jar;C:\Program Files\Java\jdk1.8.0_77\jre\lib\sunrsasign.jar;C:\Program Files\Java\jdk1.8.0_77\jre\lib\jsse.jar;C:\Program Files\Java\jdk1.8.0_77\jre\lib\jce.jar;C:\Program Files\Java\jdk1.8.0_77\jre\lib\charsets.jar;C:\Program Files\Java\jdk1.8.0_77\jre\lib\jfr.jar;C:\Program Files\Java\jdk1.8.0_77\jre\classes, java.vendor=Oracle Corporation, localRepository=C:\Users\TIJUANA\.m2\repository, file.separator=\, java.vendor.url.bug=http://bugreport.sun.com/bugreport/, sun.io.unicode.encoding=UnicodeLittle, sun.cpu.endian=little, sun.desktop=windows, sun.cpu.isalist=amd64}}, SystemEnvironmentPropertySource@631659383 {name='systemEnvironment', properties={PATH=C:\Users\TIJUANA\AppData\Local\Programs\Python\Python36\Scripts\;C:\Program Files (x86)\Common Files\Oracle\Java\javapath;C:\Program Files\OpenVPN\bin;C:\Program Files (x86)\PuTTY\;C:\Program Files (x86)\Yarn\bin\;C:\Program Files\nodejs\;C:\ProgramData\chocolatey\bin;C:\Users\TIJUANA\AppData\Local\Programs\Python\Python36\Scripts\;C:\Users\TIJUANA\AppData\Local\Programs\Python\Python36\;C:\Program Files\nodejs;C:\Users\TIJUANA\AppData\Roaming\npm\node_modules\@angular\cli\bin; C:\Users\TIJUANA\Documents\2018\spring\spring-2.0.0.RELEASE\bin;C:\Users\TIJUANA\Documents\2018\spring\spring-2.0.0.RELEASE\shell-completion\bash;C:\Users\TIJUANA\Documents\2018\spring\spring-2.0.0.RELEASE\shell-completion\zsh;C:\CURL;C:\MinGW\bin;C:\Users\TIJUANA\AppData\Local\Yarn\bin;C:\Users\TIJUANA\AppData\Roaming\npm, PROCESSOR_LEVEL=6, SYSTEMDRIVE=C:, MQ_JAVA_DATA_PATH=C:\Program Files (x86)\IBM\WebSphere MQ, FP_NO_HOST_CHECK=NO, VS140COMNTOOLS=C:\Program Files (x86)\Microsoft Visual Studio 14.0\Common7\Tools\, SESSIONNAME=Console, ALLUSERSPROFILE=C:\ProgramData, PROCESSOR_ARCHITECTURE=AMD64, PROGRAMFILES=C:\Program Files, PSMODULEPATH=C:\Windows\system32\WindowsPowerShell\v1.0\Modules\;C:\Program Files (x86)\Microsoft SQL Server\110\Tools\PowerShell\Modules\, PROGRAMDATA=C:\ProgramData, WRAPPER_LAUNCHER=org.apache.maven.wrapper.MavenWrapperMain, USERNAME=TIJUANA, INCLUDE=C:\IBM\BPM\v8.0\db2\INCLUDE;C:\IBM\BPM\v8.0\db2\LIB;C:\Program Files (x86)\IBM\WebSphere MQ\tools\c\include;C:\Program Files (x86)\IBM\WebSphere MQ\tools\cplus\include, WDIR=C:\Users\TIJUANA\Documents\workspace-sts-3.9.2.RELEASE\WCAdapter, PATHEXT=.COM;.EXE;.BAT;.CMD;.VBS;.VBE;.JS;.JSE;.WSF;.WSH;.MSC, WINDIR=C:\Windows, HOMEPATH=\Users\TIJUANA, SPRING_HOME=C:\Users\TIJUANA\Documents\2018\spring\spring-2.0.0.RELEASE\bin;C:\Users\TIJUANA\Documents\2018\spring\spring-2.0.0.RELEASE\shell-completion\bash;C:\Users\TIJUANA\Documents\2018\spring\spring-2.0.0.RELEASE\shell-completion\zsh, PROCESSOR_IDENTIFIER=Intel64 Family 6 Model 60 Stepping 3, GenuineIntel, WINDOWS_TRACING_LOGFILE=C:\BVTBin\Tests\installpackage\csilogfile.log, ES_PATH_CONF=C:\ProgramData\Elastic\Elasticsearch\config, MAVEN_JAVA_EXE="C:\Program Files\Java\jdk1.8.0_77\bin\java.exe", MQ_JAVA_INSTALL_PATH=C:\Program Files (x86)\IBM\WebSphere MQ\Java, PUBLIC=C:\Users\Public, =::=::\, =EXITCODE=00000082, DB2INSTANCE=BPMINST, LOCALAPPDATA=C:\Users\TIJUANA\AppData\Local, COMMONPROGRAMFILES(X86)=C:\Program Files (x86)\Common Files, USERDOMAIN=TIJUANA-PC, LOGONSERVER=\\TIJUANA-PC, JAVA_HOME=C:\Program Files\Java\jdk1.8.0_77, PROMPT=$P$G, PROGRAMFILES(X86)=C:\Program Files (x86), ERROR_CODE=0, EXEC_DIR=C:\Users\TIJUANA\Documents\workspace-sts-3.9.2.RELEASE\WCAdapter, WINDOWS_TRACING_FLAGS=3, =C:=C:\Users\TIJUANA\Documents\workspace-sts-3.9.2.RELEASE\WCAdapter, APPDATA=C:\Users\TIJUANA\AppData\Roaming, PROGRAMW6432=C:\Program Files, SYSTEMROOT=C:\Windows, CHOCOLATEYINSTALL=C:\ProgramData\chocolatey, ES_HOME=C:\Program Files\Elastic\Elasticsearch\6.2.2\, MQ_FILE_PATH=C:\Program Files (x86)\IBM\WebSphere MQ, MAVEN_CMD_LINE_ARGS=install, VBOX_MSI_INSTALL_PATH=C:\Program Files\Oracle\VirtualBox\, LIB=C:\Program Files (x86)\IBM\WebSphere MQ\tools\lib64;C:\IBM\BPM\v8.0\db2\LIB, OS=Windows_NT, COMMONPROGRAMW6432=C:\Program Files\Common Files, COMPUTERNAME=TIJUANA-PC, COMMONPROGRAMFILES=C:\Program Files\Common Files, COMSPEC=C:\Windows\system32\cmd.exe, MAVEN_PROJECTBASEDIR=C:\Users\TIJUANA\Documents\workspace-sts-3.9.2.RELEASE\WCAdapter, PROCESSOR_REVISION=3c03, CLASSPATH=C:\Program Files (x86)\IBM\WebSphere MQ\Java\lib\com.ibm.mqjms.jar;C:\Program Files (x86)\IBM\WebSphere MQ\Java\lib\com.ibm.mq.jar;.;C:\IBM\BPM\v8.0\db2\java\db2java.zip;C:\IBM\BPM\v8.0\db2\java\db2jcc.jar;C:\IBM\BPM\v8.0\db2\java\sqlj.zip;C:\IBM\BPM\v8.0\db2\java\db2jcc_license_cu.jar;C:\IBM\BPM\v8.0\db2\bin;C:\IBM\BPM\v8.0\db2\java\common.jar;C:\Program Files\nodejs;, WRAPPER_JAR="".\.mvn\wrapper\maven-wrapper.jar"", TEMP=C:\Users\TIJUANA\AppData\Local\Temp, HOMEDRIVE=C:, USERPROFILE=C:\Users\TIJUANA, TMP=C:\Users\TIJUANA\AppData\Local\Temp, NUMBER_OF_PROCESSORS=8, HOME=C:\Users\TIJUANA}}]
17:05:09.842 [main] DEBUG org.springframework.core.io.support.PathMatchingResourcePatternResolver - Resolved classpath location [hello/] to resources [URL [file:/C:/Users/TIJUANA/Documents/workspace-sts-3.9.2.RELEASE/WCAdapter/target/test-classes/hello/]]
17:05:09.842 [main] DEBUG org.springframework.core.io.support.PathMatchingResourcePatternResolver - Looking for matching resources in directory tree [C:\Users\TIJUANA\Documents\workspace-sts-3.9.2.RELEASE\WCAdapter\target\test-classes\hello]
17:05:09.842 [main] DEBUG org.springframework.core.io.support.PathMatchingResourcePatternResolver - Searching directory [C:\Users\TIJUANA\Documents\workspace-sts-3.9.2.RELEASE\WCAdapter\target\test-classes\hello] for files matching pattern [C:/Users/TIJUANA/Documents/workspace-sts-3.9.2.RELEASE/WCAdapter/target/test-classes/hello/*.class]
17:05:09.846 [main] DEBUG org.springframework.core.io.support.PathMatchingResourcePatternResolver - Resolved location pattern [classpath*:hello/*.class] to resources [file [C:\Users\TIJUANA\Documents\workspace-sts-3.9.2.RELEASE\WCAdapter\target\test-classes\hello\ApplicationTest.class]]
]]></system-out>
  </testcase>
</testsuite>